\BOOKMARK [1][-]{section.1}{Teor\355a de nudos. }{}% 1
\BOOKMARK [2][-]{subsection.1.1}{Motivaci\363n y primeras definiciones.}{section.1}% 2
\BOOKMARK [2][-]{subsection.1.2}{Sobre su historia y aplicaciones.}{section.1}% 3
\BOOKMARK [2][-]{subsection.1.3}{Componiendo nudos.}{section.1}% 4
\BOOKMARK [2][-]{subsection.1.4}{Equivalencia de nudos: movimientos de Reidemeister.}{section.1}% 5
\BOOKMARK [2][-]{subsection.1.5}{Algunos invariantes.}{section.1}% 6
\BOOKMARK [3][-]{subsubsection.1.5.1}{N\372mero de componentes:}{subsection.1.5}% 7
\BOOKMARK [3][-]{subsubsection.1.5.2}{Crossing number:}{subsection.1.5}% 8
\BOOKMARK [3][-]{subsubsection.1.5.3}{Tricolorabilidad:}{subsection.1.5}% 9
\BOOKMARK [3][-]{subsubsection.1.5.4}{Unknotting number:}{subsection.1.5}% 10
\BOOKMARK [3][-]{subsubsection.1.5.5}{Polinomio de Alexander:}{subsection.1.5}% 11
\BOOKMARK [2][-]{subsection.1.6}{Notaci\363n de nudos.}{section.1}% 12
\BOOKMARK [3][-]{subsubsection.1.6.1}{Notaci\363n de Dowker:}{subsection.1.6}% 13
\BOOKMARK [3][-]{subsubsection.1.6.2}{Notaci\363n de Gauss:}{subsection.1.6}% 14
\BOOKMARK [3][-]{subsubsection.1.6.3}{Notaci\363n de Conway:}{subsection.1.6}% 15
\BOOKMARK [2][-]{subsection.1.7}{Conexi\363n con distintas teor\355as.}{section.1}% 16
\BOOKMARK [3][-]{subsubsection.1.7.1}{Teor\355a de grafos:}{subsection.1.7}% 17
\BOOKMARK [3][-]{subsubsection.1.7.2}{Teor\355a de trenzas:}{subsection.1.7}% 18
\BOOKMARK [1][-]{section.2}{Teor\355a de trenzas. }{}% 19
\BOOKMARK [2][-]{subsection.2.1}{Nudos y trenzas.}{section.2}% 20
\BOOKMARK [3][-]{subsubsection.2.1.1}{Notaci\363n de trenzas:}{subsection.2.1}% 21
\BOOKMARK [3][-]{subsubsection.2.1.2}{Equivalencia de trenzas:}{subsection.2.1}% 22
\BOOKMARK [2][-]{subsection.2.2}{El grupo de las trenzas.}{section.2}% 23
\BOOKMARK [2][-]{subsection.2.3}{Algunos invariantes.}{section.2}% 24
\BOOKMARK [2][-]{subsection.2.4}{El problema de las palabras.}{section.2}% 25
\BOOKMARK [3][-]{subsubsection.2.4.1}{Trenzas equivalentes:}{subsection.2.4}% 26
\BOOKMARK [3][-]{subsubsection.2.4.2}{Trenzas Markov-equivalentes:}{subsection.2.4}% 27
