\BOOKMARK [0][-]{chapter.1}{Introducci\363n}{}% 1
\BOOKMARK [1][-]{section.1.1}{Objetivos}{chapter.1}% 2
\BOOKMARK [0][-]{chapter.2}{Teor\355a de nudos.}{}% 3
\BOOKMARK [1][-]{section.2.1}{Motivaci\363n y primeras definiciones.}{chapter.2}% 4
\BOOKMARK [1][-]{section.2.2}{Sobre su historia y aplicaciones.}{chapter.2}% 5
\BOOKMARK [1][-]{section.2.3}{Componiendo nudos.}{chapter.2}% 6
\BOOKMARK [1][-]{section.2.4}{Equivalencia de nudos: movimientos de Reidemeister.}{chapter.2}% 7
\BOOKMARK [1][-]{section.2.5}{Algunos invariantes.}{chapter.2}% 8
\BOOKMARK [2][-]{subsection.2.5.1}{N\372mero de componentes:}{section.2.5}% 9
\BOOKMARK [2][-]{subsection.2.5.2}{Crossing number:}{section.2.5}% 10
\BOOKMARK [2][-]{subsection.2.5.3}{Tricolorabilidad:}{section.2.5}% 11
\BOOKMARK [2][-]{subsection.2.5.4}{Unknotting number:}{section.2.5}% 12
\BOOKMARK [2][-]{subsection.2.5.5}{Polinomio de Alexander:}{section.2.5}% 13
\BOOKMARK [1][-]{section.2.6}{Notaci\363n de nudos.}{chapter.2}% 14
\BOOKMARK [2][-]{subsection.2.6.1}{Notaci\363n de Dowker:}{section.2.6}% 15
\BOOKMARK [2][-]{subsection.2.6.2}{Notaci\363n de Gauss:}{section.2.6}% 16
\BOOKMARK [2][-]{subsection.2.6.3}{Notaci\363n de Conway:}{section.2.6}% 17
\BOOKMARK [1][-]{section.2.7}{Conexi\363n con distintas teor\355as.}{chapter.2}% 18
\BOOKMARK [2][-]{subsection.2.7.1}{Teor\355a de grafos:}{section.2.7}% 19
\BOOKMARK [2][-]{subsection.2.7.2}{Teor\355a de trenzas:}{section.2.7}% 20
\BOOKMARK [0][-]{chapter.3}{Teor\355a de trenzas.}{}% 21
\BOOKMARK [1][-]{section.3.1}{Fundamentos.}{chapter.3}% 22
\BOOKMARK [2][-]{subsection.3.1.1}{Equivalencia de trenzas:}{section.3.1}% 23
\BOOKMARK [2][-]{subsection.3.1.2}{Proyecci\363n de una trenza.}{section.3.1}% 24
\BOOKMARK [2][-]{subsection.3.1.3}{Notaci\363n de trenzas:}{section.3.1}% 25
\BOOKMARK [1][-]{section.3.2}{El grupo de las trenzas.}{chapter.3}% 26
\BOOKMARK [2][-]{subsection.3.2.1}{Estructura de grupo no abeliano:}{section.3.2}% 27
\BOOKMARK [2][-]{subsection.3.2.2}{Trenzas equivalentes:}{section.3.2}% 28
\BOOKMARK [2][-]{subsection.3.2.3}{Trenzas Markov-equivalentes:}{section.3.2}% 29
\BOOKMARK [1][-]{section.3.3}{Algunos invariantes.}{chapter.3}% 30
\BOOKMARK [2][-]{subsection.3.3.1}{Exponente:}{section.3.3}% 31
\BOOKMARK [2][-]{subsection.3.3.2}{Permutaci\363n:}{section.3.3}% 32
\BOOKMARK [2][-]{subsection.3.3.3}{Polinomio de Alexander:}{section.3.3}% 33
\BOOKMARK [1][-]{section.3.4}{El problema de las palabras.}{chapter.3}% 34
\BOOKMARK [1][-]{section.3.5}{Conclusiones}{chapter.3}% 35
\BOOKMARK [0][-]{chapter.4}{Desarrollo inform\341tico.}{}% 36
\BOOKMARK [1][-]{section.4.1}{Teor\355a de trenzas con Matlab.}{chapter.4}% 37
\BOOKMARK [1][-]{section.4.2}{Pseudoalgoritmos.}{chapter.4}% 38
\BOOKMARK [1][-]{section.4.3}{Usando toxtren}{chapter.4}% 39
\BOOKMARK [2][-]{subsection.4.3.1}{Clase trenza.}{section.4.3}% 40
\BOOKMARK [2][-]{subsection.4.3.2}{Clase trenza\137cerrada.}{section.4.3}% 41
\BOOKMARK [0][-]{chapter*.78}{Bibliograf\355a}{}% 42
